TN:
SF:app.ts
FNF:0
FNH:0
DA:1,2
DA:2,2
DA:3,2
DA:4,2
DA:5,2
DA:6,2
DA:8,2
DA:10,2
DA:14,2
DA:16,2
DA:18,2
DA:22,2
DA:24,2
DA:26,2
DA:30,2
LF:15
LH:15
BRF:0
BRH:0
end_of_record
TN:
SF:mockFunctions.ts
FN:15,(anonymous_2)
FN:18,(anonymous_3)
FNF:2
FNH:2
FNDA:3,(anonymous_2)
FNDA:30,(anonymous_3)
DA:3,2
DA:15,2
DA:16,3
DA:18,30
DA:23,3
DA:26,2
LF:6
LH:6
BRF:0
BRH:0
end_of_record
TN:
SF:models/auth/auth.model.ts
FN:6,(anonymous_14)
FN:59,(anonymous_17)
FNF:2
FNH:2
FNDA:9,(anonymous_14)
FNDA:6,(anonymous_17)
DA:1,3
DA:2,3
DA:4,3
DA:6,3
DA:7,9
DA:8,9
DA:9,9
DA:10,9
DA:11,9
DA:12,9
DA:14,9
DA:15,2
DA:18,7
DA:19,0
DA:22,7
DA:29,0
DA:32,7
DA:36,7
DA:37,1
DA:40,6
DA:41,1
DA:44,5
DA:45,5
DA:47,5
DA:56,5
DA:59,6
DA:60,6
DA:61,0
DA:64,6
DA:65,1
DA:68,5
DA:72,5
DA:73,1
DA:76,4
DA:78,4
DA:79,2
DA:82,2
DA:85,3
LF:38
LH:35
BRDA:14,0,0,2
BRDA:14,1,0,9
BRDA:14,1,1,7
BRDA:14,1,2,7
BRDA:14,1,3,7
BRDA:14,1,4,7
BRDA:14,1,5,7
BRDA:18,2,0,0
BRDA:22,3,0,0
BRDA:36,4,0,1
BRDA:36,5,0,7
BRDA:36,5,1,2
BRDA:40,6,0,1
BRDA:40,7,0,6
BRDA:40,7,1,1
BRDA:60,8,0,0
BRDA:60,9,0,6
BRDA:60,9,1,6
BRDA:64,10,0,1
BRDA:72,11,0,1
BRDA:78,12,0,2
BRF:21
BRH:18
end_of_record
TN:
SF:models/auth/auth.mongo.ts
FNF:0
FNH:0
DA:1,3
DA:3,3
DA:32,3
LF:3
LH:3
BRF:0
BRH:0
end_of_record
TN:
SF:models/recipes/recipes.model.ts
FN:42,(anonymous_14)
FN:42,(anonymous_15)
FN:52,(anonymous_17)
FN:52,(anonymous_18)
FN:58,(anonymous_20)
FN:58,(anonymous_21)
FN:61,(anonymous_23)
FN:85,(anonymous_28)
FN:90,(anonymous_29)
FN:124,(anonymous_30)
FNF:10
FNH:8
FNDA:32,(anonymous_14)
FNDA:32,(anonymous_15)
FNDA:5,(anonymous_17)
FNDA:5,(anonymous_18)
FNDA:2,(anonymous_20)
FNDA:6,(anonymous_21)
FNDA:6,(anonymous_23)
FNDA:0,(anonymous_28)
FNDA:0,(anonymous_29)
FNDA:4,(anonymous_30)
DA:1,3
DA:2,3
DA:3,3
DA:5,3
DA:7,3
DA:42,32
DA:43,64
DA:52,5
DA:53,10
DA:58,4
DA:59,4
DA:61,6
DA:62,3
DA:64,3
DA:65,0
DA:66,0
DA:69,3
DA:71,63
DA:73,30
DA:84,30
DA:85,30
DA:86,0
DA:89,30
DA:90,30
DA:91,0
DA:96,0
DA:99,30
DA:103,30
DA:105,30
DA:118,60
DA:121,6
DA:124,5
DA:125,2
DA:129,3
DA:130,2
DA:134,3
DA:135,3
DA:136,3
DA:137,3
DA:138,3
LF:40
LH:35
BRDA:43,0,0,32
BRDA:53,1,0,5
BRDA:53,1,1,5
BRDA:59,2,0,2
BRDA:59,2,1,2
BRDA:62,3,0,3
BRDA:62,3,1,3
BRDA:64,4,0,0
BRDA:90,5,0,0
BRDA:90,5,1,30
BRDA:90,6,0,30
BRDA:90,6,1,30
BRDA:71,7,0,3
BRDA:125,8,0,2
BRDA:125,8,1,1
BRDA:129,9,0,1
BRF:16
BRH:14
end_of_record
TN:
SF:models/recipes/recipes.mongo.ts
FNF:0
FNH:0
DA:1,3
DA:3,3
DA:44,3
LF:3
LH:3
BRF:0
BRH:0
end_of_record
TN:
SF:routes/apiRouters.ts
FNF:0
FNH:0
DA:1,2
DA:2,2
DA:3,2
DA:5,2
DA:7,2
DA:8,2
DA:10,2
LF:7
LH:7
BRF:0
BRH:0
end_of_record
TN:
SF:routes/auth/auth.controller.ts
FN:6,(anonymous_14)
FN:21,(anonymous_15)
FN:21,(anonymous_16)
FN:41,(anonymous_18)
FN:41,(anonymous_19)
FNF:5
FNH:5
FNDA:2,(anonymous_14)
FNDA:2,(anonymous_15)
FNDA:2,(anonymous_16)
FNDA:2,(anonymous_18)
FNDA:2,(anonymous_19)
DA:2,2
DA:4,2
DA:6,2
DA:7,2
DA:21,2
DA:23,2
DA:25,2
DA:28,1
DA:31,1
DA:34,1
DA:36,1
DA:37,1
DA:41,2
DA:43,2
DA:45,2
DA:48,1
DA:51,1
DA:55,1
DA:57,1
DA:61,2
LF:20
LH:20
BRF:0
BRH:0
end_of_record
TN:
SF:routes/auth/auth.router.ts
FNF:0
FNH:0
DA:1,2
DA:2,2
DA:4,2
DA:6,2
DA:8,2
DA:10,2
LF:6
LH:6
BRF:0
BRH:0
end_of_record
TN:
SF:routes/recipes/recipes.controller.ts
FN:7,(anonymous_13)
FN:7,(anonymous_14)
FN:14,(anonymous_16)
FN:14,(anonymous_17)
FNF:4
FNH:4
FNDA:1,(anonymous_13)
FNDA:1,(anonymous_14)
FNDA:1,(anonymous_16)
FNDA:1,(anonymous_17)
DA:2,2
DA:7,2
DA:8,1
DA:9,1
DA:11,1
DA:14,2
DA:15,1
DA:17,1
DA:19,1
DA:22,2
LF:10
LH:10
BRF:0
BRH:0
end_of_record
TN:
SF:routes/recipes/recipes.router.ts
FNF:0
FNH:0
DA:1,2
DA:2,2
DA:4,2
DA:6,2
DA:8,2
DA:10,2
LF:6
LH:6
BRF:0
BRH:0
end_of_record
TN:
SF:services/mongo.ts
FN:3,(anonymous_14)
FN:7,(anonymous_15)
FN:11,(anonymous_16)
FN:11,(anonymous_17)
FN:15,(anonymous_19)
FNF:5
FNH:4
FNDA:5,(anonymous_14)
FNDA:0,(anonymous_15)
FNDA:5,(anonymous_16)
FNDA:5,(anonymous_17)
FNDA:10,(anonymous_19)
DA:1,5
DA:3,5
DA:4,5
DA:7,5
DA:8,0
DA:11,5
DA:12,10
DA:15,10
DA:16,10
DA:19,5
LF:10
LH:9
BRDA:12,0,0,5
BRDA:16,1,0,5
BRF:2
BRH:2
end_of_record
